2023-07-13 10:57:46,034 [Worker-2: Loading available Gradle versions] INFO  o.e.b.c.i.u.g.PublishedGradleVersions - Gradle version information cache is up-to-date. Trying to read.
2023-07-13 11:01:09,919 [Worker-19: Update Maven projects configuration] INFO  o.e.m.c.i.p.ProjectConfigurationManager - Update started
2023-07-13 11:01:11,152 [Worker-19: Update Maven projects configuration] INFO  o.e.m.c.i.l.LifecycleMappingFactory - Using org.eclipse.m2e.jdt.JarLifecycleMapping lifecycle mapping for MavenProject: com.javatechie:restaurant-service:0.0.1-SNAPSHOT @ C:\Users\CSO\Desktop\sts-workspace\microservice-jwt by javatechie\jwt-security-microservice\jwt-apigateway-security\restaurant-service\pom.xml.
2023-07-13 11:01:12,753 [Worker-15: Updating Maven Dependencies] INFO  o.e.m.c.i.l.LifecycleMappingFactory - Using org.eclipse.m2e.jdt.JarLifecycleMapping lifecycle mapping for MavenProject: com.javatechie:restaurant-service:0.0.1-SNAPSHOT @ C:\Users\CSO\Desktop\sts-workspace\microservice-jwt by javatechie\jwt-security-microservice\jwt-apigateway-security\restaurant-service\pom.xml.
2023-07-13 11:01:12,793 [Worker-19: Update Maven projects configuration] INFO  o.e.m.j.i.AbstractJavaProjectConfigurator - Adding source folder /restaurant-service/src/main/java
2023-07-13 11:01:12,794 [Worker-19: Update Maven projects configuration] INFO  o.e.m.j.i.AbstractJavaProjectConfigurator - Adding resource folder /restaurant-service/src/main/resources
2023-07-13 11:01:12,806 [Worker-19: Update Maven projects configuration] INFO  o.e.m.j.i.AbstractJavaProjectConfigurator - Adding resource folder /restaurant-service/src/main/resources
2023-07-13 11:01:12,820 [Worker-19: Update Maven projects configuration] INFO  o.e.m.j.i.AbstractJavaProjectConfigurator - Adding source folder /restaurant-service/src/test/java
2023-07-13 11:01:13,335 [Worker-8: Building] INFO  o.e.m.c.i.l.LifecycleMappingFactory - Using org.eclipse.m2e.jdt.JarLifecycleMapping lifecycle mapping for MavenProject: com.javatechie:identity-service:0.0.1-SNAPSHOT @ C:\Users\CSO\Desktop\sts-workspace\microservice-jwt by javatechie\jwt-security-microservice\jwt-apigateway-security\identity-service\pom.xml.
2023-07-13 11:01:14,394 [Worker-8: Building] INFO  o.a.m.s.f.DefaultMavenResourcesFiltering - Copying 2 resources
2023-07-13 11:01:14,416 [Worker-8: Building] INFO  o.a.m.s.f.DefaultMavenResourcesFiltering - Copying 0 resource
2023-07-13 11:01:14,420 [Worker-8: Building] INFO  o.a.m.s.f.DefaultMavenResourcesFiltering - skip non existing resourceDirectory C:\Users\CSO\Desktop\sts-workspace\microservice-jwt by javatechie\jwt-security-microservice\jwt-apigateway-security\identity-service\src\test\resources
2023-07-13 11:01:15,970 [Worker-12: Updating Maven Dependencies] INFO  o.e.m.c.i.l.LifecycleMappingFactory - Using org.eclipse.m2e.jdt.JarLifecycleMapping lifecycle mapping for MavenProject: com.javatechie:restaurant-service:0.0.1-SNAPSHOT @ C:\Users\CSO\Desktop\sts-workspace\microservice-jwt by javatechie\jwt-security-microservice\jwt-apigateway-security\restaurant-service\pom.xml.
2023-07-13 11:01:16,280 [Worker-19: Update Maven projects configuration] INFO  o.e.m.c.i.p.ProjectConfigurationManager - Update completed for 1 poms: local refresh takes 0.00 sec, refresh facades takes 2.00 sec, update config takes 4.00 sec 
2023-07-13 11:01:16,284 [Worker-19: Update Maven projects configuration] INFO  o.e.m.c.i.p.ProjectConfigurationManager - Update started
2023-07-13 11:01:17,422 [Worker-19: Update Maven projects configuration] INFO  o.e.m.c.i.l.LifecycleMappingFactory - Using org.eclipse.m2e.jdt.JarLifecycleMapping lifecycle mapping for MavenProject: com.javatechie:identity-service:0.0.1-SNAPSHOT @ C:\Users\CSO\Desktop\sts-workspace\microservice-jwt by javatechie\jwt-security-microservice\jwt-apigateway-security\identity-service\pom.xml.
2023-07-13 11:01:18,123 [Worker-19: Update Maven projects configuration] INFO  o.e.m.c.i.l.LifecycleMappingFactory - Using org.eclipse.m2e.jdt.JarLifecycleMapping lifecycle mapping for MavenProject: com.javatechie:swiggy-app:0.0.1-SNAPSHOT @ C:\Users\CSO\Desktop\sts-workspace\microservice-jwt by javatechie\jwt-security-microservice\jwt-apigateway-security\swiggy-app\pom.xml.
2023-07-13 11:01:18,222 [Worker-19: Update Maven projects configuration] INFO  o.e.m.c.i.l.LifecycleMappingFactory - Using org.eclipse.m2e.jdt.JarLifecycleMapping lifecycle mapping for MavenProject: com.javatechie:swiggy-service-registry:0.0.1-SNAPSHOT @ C:\Users\CSO\Desktop\sts-workspace\microservice-jwt by javatechie\jwt-security-microservice\jwt-apigateway-security\swiggy-service-registry\pom.xml.
2023-07-13 11:01:18,455 [Worker-19: Update Maven projects configuration] INFO  o.e.m.c.i.l.LifecycleMappingFactory - Using org.eclipse.m2e.jdt.JarLifecycleMapping lifecycle mapping for MavenProject: com.javatechie:restaurant-service:0.0.1-SNAPSHOT @ C:\Users\CSO\Desktop\sts-workspace\microservice-jwt by javatechie\jwt-security-microservice\jwt-apigateway-security\restaurant-service\pom.xml.
2023-07-13 11:01:18,559 [Worker-19: Update Maven projects configuration] INFO  o.e.m.c.i.l.LifecycleMappingFactory - Using org.eclipse.m2e.jdt.JarLifecycleMapping lifecycle mapping for MavenProject: com.javatechie:swiggy-gateway:0.0.1-SNAPSHOT @ C:\Users\CSO\Desktop\sts-workspace\microservice-jwt by javatechie\jwt-security-microservice\jwt-apigateway-security\swiggy-gateway\pom.xml.
2023-07-13 11:01:20,596 [Worker-19: Update Maven projects configuration] INFO  o.e.m.j.i.AbstractJavaProjectConfigurator - Adding source folder /identity-service/src/main/java
2023-07-13 11:01:20,597 [Worker-19: Update Maven projects configuration] INFO  o.e.m.j.i.AbstractJavaProjectConfigurator - Adding resource folder /identity-service/src/main/resources
2023-07-13 11:01:20,602 [Worker-19: Update Maven projects configuration] INFO  o.e.m.j.i.AbstractJavaProjectConfigurator - Adding resource folder /identity-service/src/main/resources
2023-07-13 11:01:20,612 [Worker-19: Update Maven projects configuration] INFO  o.e.m.j.i.AbstractJavaProjectConfigurator - Adding source folder /identity-service/src/test/java
2023-07-13 11:01:21,878 [Worker-18: Updating Maven Dependencies] INFO  o.e.m.c.i.l.LifecycleMappingFactory - Using org.eclipse.m2e.jdt.JarLifecycleMapping lifecycle mapping for MavenProject: com.javatechie:restaurant-service:0.0.1-SNAPSHOT @ C:\Users\CSO\Desktop\sts-workspace\microservice-jwt by javatechie\jwt-security-microservice\jwt-apigateway-security\restaurant-service\pom.xml.
2023-07-13 11:01:21,912 [Worker-12: Building] INFO  o.a.m.s.f.DefaultMavenResourcesFiltering - Copying 2 resources
2023-07-13 11:01:21,954 [Worker-12: Building] INFO  o.a.m.s.f.DefaultMavenResourcesFiltering - Copying 0 resource
2023-07-13 11:01:21,960 [Worker-12: Building] INFO  o.a.m.s.f.DefaultMavenResourcesFiltering - skip non existing resourceDirectory C:\Users\CSO\Desktop\sts-workspace\microservice-jwt by javatechie\jwt-security-microservice\jwt-apigateway-security\identity-service\src\test\resources
2023-07-13 11:01:23,165 [Worker-19: Update Maven projects configuration] INFO  o.e.m.j.i.AbstractJavaProjectConfigurator - Adding source folder /swiggy-app/src/main/java
2023-07-13 11:01:23,166 [Worker-19: Update Maven projects configuration] INFO  o.e.m.j.i.AbstractJavaProjectConfigurator - Adding resource folder /swiggy-app/src/main/resources
2023-07-13 11:01:23,206 [Worker-19: Update Maven projects configuration] INFO  o.e.m.j.i.AbstractJavaProjectConfigurator - Adding resource folder /swiggy-app/src/main/resources
2023-07-13 11:01:23,222 [Worker-19: Update Maven projects configuration] INFO  o.e.m.j.i.AbstractJavaProjectConfigurator - Adding source folder /swiggy-app/src/test/java
2023-07-13 11:01:24,638 [Worker-19: Update Maven projects configuration] INFO  o.e.m.j.i.AbstractJavaProjectConfigurator - Adding source folder /swiggy-service-registry/src/main/java
2023-07-13 11:01:24,639 [Worker-19: Update Maven projects configuration] INFO  o.e.m.j.i.AbstractJavaProjectConfigurator - Adding resource folder /swiggy-service-registry/src/main/resources
2023-07-13 11:01:24,656 [Worker-19: Update Maven projects configuration] INFO  o.e.m.j.i.AbstractJavaProjectConfigurator - Adding resource folder /swiggy-service-registry/src/main/resources
2023-07-13 11:01:24,695 [Worker-19: Update Maven projects configuration] INFO  o.e.m.j.i.AbstractJavaProjectConfigurator - Adding source folder /swiggy-service-registry/src/test/java
2023-07-13 11:01:25,086 [Worker-9: Building] INFO  o.a.m.s.f.DefaultMavenResourcesFiltering - Copying 2 resources
2023-07-13 11:01:25,097 [Worker-9: Building] INFO  o.a.m.s.f.DefaultMavenResourcesFiltering - Copying 0 resource
2023-07-13 11:01:25,103 [Worker-9: Building] INFO  o.a.m.s.f.DefaultMavenResourcesFiltering - skip non existing resourceDirectory C:\Users\CSO\Desktop\sts-workspace\microservice-jwt by javatechie\jwt-security-microservice\jwt-apigateway-security\identity-service\src\test\resources
2023-07-13 11:01:26,175 [Worker-19: Update Maven projects configuration] INFO  o.e.m.j.i.AbstractJavaProjectConfigurator - Adding source folder /restaurant-service/src/main/java
2023-07-13 11:01:26,175 [Worker-19: Update Maven projects configuration] INFO  o.e.m.j.i.AbstractJavaProjectConfigurator - Adding resource folder /restaurant-service/src/main/resources
2023-07-13 11:01:26,178 [Worker-19: Update Maven projects configuration] INFO  o.e.m.j.i.AbstractJavaProjectConfigurator - Adding resource folder /restaurant-service/src/main/resources
2023-07-13 11:01:26,185 [Worker-19: Update Maven projects configuration] INFO  o.e.m.j.i.AbstractJavaProjectConfigurator - Adding source folder /restaurant-service/src/test/java
2023-07-13 11:01:26,896 [Worker-20: Building] INFO  o.a.m.s.f.DefaultMavenResourcesFiltering - Copying 2 resources
2023-07-13 11:01:26,913 [Worker-20: Building] INFO  o.a.m.s.f.DefaultMavenResourcesFiltering - Copying 0 resource
2023-07-13 11:01:26,919 [Worker-20: Building] INFO  o.a.m.s.f.DefaultMavenResourcesFiltering - skip non existing resourceDirectory C:\Users\CSO\Desktop\sts-workspace\microservice-jwt by javatechie\jwt-security-microservice\jwt-apigateway-security\restaurant-service\src\test\resources
2023-07-13 11:01:29,268 [Worker-19: Update Maven projects configuration] INFO  o.e.m.j.i.AbstractJavaProjectConfigurator - Adding source folder /swiggy-gateway/src/main/java
2023-07-13 11:01:29,268 [Worker-19: Update Maven projects configuration] INFO  o.e.m.j.i.AbstractJavaProjectConfigurator - Adding resource folder /swiggy-gateway/src/main/resources
2023-07-13 11:01:29,280 [Worker-19: Update Maven projects configuration] INFO  o.e.m.j.i.AbstractJavaProjectConfigurator - Adding resource folder /swiggy-gateway/src/main/resources
2023-07-13 11:01:29,401 [Worker-19: Update Maven projects configuration] INFO  o.e.m.j.i.AbstractJavaProjectConfigurator - Adding source folder /swiggy-gateway/src/test/java
2023-07-13 11:01:29,865 [Worker-8: Building] INFO  o.a.m.s.f.DefaultMavenResourcesFiltering - Copying 2 resources
2023-07-13 11:01:29,875 [Worker-8: Building] INFO  o.a.m.s.f.DefaultMavenResourcesFiltering - Copying 0 resource
2023-07-13 11:01:29,879 [Worker-8: Building] INFO  o.a.m.s.f.DefaultMavenResourcesFiltering - skip non existing resourceDirectory C:\Users\CSO\Desktop\sts-workspace\microservice-jwt by javatechie\jwt-security-microservice\jwt-apigateway-security\restaurant-service\src\test\resources
2023-07-13 11:01:30,572 [Worker-14: Building] INFO  o.a.m.s.f.DefaultMavenResourcesFiltering - Copying 2 resources
2023-07-13 11:01:30,578 [Worker-14: Building] INFO  o.a.m.s.f.DefaultMavenResourcesFiltering - Copying 0 resource
2023-07-13 11:01:30,584 [Worker-14: Building] INFO  o.a.m.s.f.DefaultMavenResourcesFiltering - skip non existing resourceDirectory C:\Users\CSO\Desktop\sts-workspace\microservice-jwt by javatechie\jwt-security-microservice\jwt-apigateway-security\swiggy-app\src\test\resources
2023-07-13 11:01:31,331 [Worker-19: Update Maven projects configuration] INFO  o.e.m.c.i.p.ProjectConfigurationManager - Update completed for 5 poms: local refresh takes 0.00 sec, refresh facades takes 4.00 sec, update config takes 10.00 sec 
2023-07-13 11:01:31,944 [Worker-19: Building] INFO  o.a.m.s.f.DefaultMavenResourcesFiltering - Copying 2 resources
2023-07-13 11:01:31,950 [Worker-19: Building] INFO  o.a.m.s.f.DefaultMavenResourcesFiltering - Copying 0 resource
2023-07-13 11:01:31,954 [Worker-19: Building] INFO  o.a.m.s.f.DefaultMavenResourcesFiltering - skip non existing resourceDirectory C:\Users\CSO\Desktop\sts-workspace\microservice-jwt by javatechie\jwt-security-microservice\jwt-apigateway-security\swiggy-gateway\src\test\resources
2023-07-13 11:01:32,207 [Worker-19: Building] INFO  o.a.m.s.f.DefaultMavenResourcesFiltering - Copying 2 resources
2023-07-13 11:01:32,213 [Worker-19: Building] INFO  o.a.m.s.f.DefaultMavenResourcesFiltering - Copying 0 resource
2023-07-13 11:01:32,218 [Worker-19: Building] INFO  o.a.m.s.f.DefaultMavenResourcesFiltering - skip non existing resourceDirectory C:\Users\CSO\Desktop\sts-workspace\microservice-jwt by javatechie\jwt-security-microservice\jwt-apigateway-security\swiggy-service-registry\src\test\resources
2023-07-13 11:01:59,762 [Worker-9: Updating Maven Project] INFO  o.e.m.c.i.p.ProjectConfigurationManager - Update started
2023-07-13 11:02:00,618 [Worker-9: Updating Maven Project] INFO  o.e.m.c.i.l.LifecycleMappingFactory - Using org.eclipse.m2e.jdt.JarLifecycleMapping lifecycle mapping for MavenProject: com.javatechie:identity-service:0.0.1-SNAPSHOT @ C:\Users\CSO\Desktop\sts-workspace\microservice-jwt by javatechie\jwt-security-microservice\jwt-apigateway-security\identity-service\pom.xml.
2023-07-13 11:02:01,084 [Worker-9: Updating Maven Project] INFO  o.e.m.c.i.l.LifecycleMappingFactory - Using org.eclipse.m2e.jdt.JarLifecycleMapping lifecycle mapping for MavenProject: com.javatechie:restaurant-service:0.0.1-SNAPSHOT @ C:\Users\CSO\Desktop\sts-workspace\microservice-jwt by javatechie\jwt-security-microservice\jwt-apigateway-security\restaurant-service\pom.xml.
2023-07-13 11:02:01,152 [Worker-9: Updating Maven Project] INFO  o.e.m.c.i.l.LifecycleMappingFactory - Using org.eclipse.m2e.jdt.JarLifecycleMapping lifecycle mapping for MavenProject: com.javatechie:swiggy-app:0.0.1-SNAPSHOT @ C:\Users\CSO\Desktop\sts-workspace\microservice-jwt by javatechie\jwt-security-microservice\jwt-apigateway-security\swiggy-app\pom.xml.
2023-07-13 11:02:01,245 [Worker-9: Updating Maven Project] INFO  o.e.m.c.i.l.LifecycleMappingFactory - Using org.eclipse.m2e.jdt.JarLifecycleMapping lifecycle mapping for MavenProject: com.javatechie:swiggy-gateway:0.0.1-SNAPSHOT @ C:\Users\CSO\Desktop\sts-workspace\microservice-jwt by javatechie\jwt-security-microservice\jwt-apigateway-security\swiggy-gateway\pom.xml.
2023-07-13 11:02:01,438 [Worker-9: Updating Maven Project] INFO  o.e.m.c.i.l.LifecycleMappingFactory - Using org.eclipse.m2e.jdt.JarLifecycleMapping lifecycle mapping for MavenProject: com.javatechie:swiggy-service-registry:0.0.1-SNAPSHOT @ C:\Users\CSO\Desktop\sts-workspace\microservice-jwt by javatechie\jwt-security-microservice\jwt-apigateway-security\swiggy-service-registry\pom.xml.
2023-07-13 11:02:02,907 [Worker-9: Updating Maven Project] INFO  o.e.m.j.i.AbstractJavaProjectConfigurator - Adding source folder /identity-service/src/main/java
2023-07-13 11:02:02,908 [Worker-9: Updating Maven Project] INFO  o.e.m.j.i.AbstractJavaProjectConfigurator - Adding resource folder /identity-service/src/main/resources
2023-07-13 11:02:02,908 [Worker-9: Updating Maven Project] INFO  o.e.m.j.i.AbstractJavaProjectConfigurator - Adding resource folder /identity-service/src/main/resources
2023-07-13 11:02:02,909 [Worker-9: Updating Maven Project] INFO  o.e.m.j.i.AbstractJavaProjectConfigurator - Adding source folder /identity-service/src/test/java
2023-07-13 11:02:03,375 [Worker-9: Updating Maven Project] INFO  o.e.m.j.i.AbstractJavaProjectConfigurator - Adding source folder /restaurant-service/src/main/java
2023-07-13 11:02:03,375 [Worker-9: Updating Maven Project] INFO  o.e.m.j.i.AbstractJavaProjectConfigurator - Adding resource folder /restaurant-service/src/main/resources
2023-07-13 11:02:03,376 [Worker-9: Updating Maven Project] INFO  o.e.m.j.i.AbstractJavaProjectConfigurator - Adding resource folder /restaurant-service/src/main/resources
2023-07-13 11:02:03,376 [Worker-9: Updating Maven Project] INFO  o.e.m.j.i.AbstractJavaProjectConfigurator - Adding source folder /restaurant-service/src/test/java
2023-07-13 11:02:03,704 [Worker-9: Updating Maven Project] INFO  o.e.m.j.i.AbstractJavaProjectConfigurator - Adding source folder /swiggy-app/src/main/java
2023-07-13 11:02:03,705 [Worker-9: Updating Maven Project] INFO  o.e.m.j.i.AbstractJavaProjectConfigurator - Adding resource folder /swiggy-app/src/main/resources
2023-07-13 11:02:03,705 [Worker-9: Updating Maven Project] INFO  o.e.m.j.i.AbstractJavaProjectConfigurator - Adding resource folder /swiggy-app/src/main/resources
2023-07-13 11:02:03,706 [Worker-9: Updating Maven Project] INFO  o.e.m.j.i.AbstractJavaProjectConfigurator - Adding source folder /swiggy-app/src/test/java
2023-07-13 11:02:04,136 [Worker-9: Updating Maven Project] INFO  o.e.m.j.i.AbstractJavaProjectConfigurator - Adding source folder /swiggy-gateway/src/main/java
2023-07-13 11:02:04,136 [Worker-9: Updating Maven Project] INFO  o.e.m.j.i.AbstractJavaProjectConfigurator - Adding resource folder /swiggy-gateway/src/main/resources
2023-07-13 11:02:04,136 [Worker-9: Updating Maven Project] INFO  o.e.m.j.i.AbstractJavaProjectConfigurator - Adding resource folder /swiggy-gateway/src/main/resources
2023-07-13 11:02:04,136 [Worker-9: Updating Maven Project] INFO  o.e.m.j.i.AbstractJavaProjectConfigurator - Adding source folder /swiggy-gateway/src/test/java
2023-07-13 11:02:04,479 [Worker-9: Updating Maven Project] INFO  o.e.m.j.i.AbstractJavaProjectConfigurator - Adding source folder /swiggy-service-registry/src/main/java
2023-07-13 11:02:04,479 [Worker-9: Updating Maven Project] INFO  o.e.m.j.i.AbstractJavaProjectConfigurator - Adding resource folder /swiggy-service-registry/src/main/resources
2023-07-13 11:02:04,479 [Worker-9: Updating Maven Project] INFO  o.e.m.j.i.AbstractJavaProjectConfigurator - Adding resource folder /swiggy-service-registry/src/main/resources
2023-07-13 11:02:04,480 [Worker-9: Updating Maven Project] INFO  o.e.m.j.i.AbstractJavaProjectConfigurator - Adding source folder /swiggy-service-registry/src/test/java
2023-07-13 11:02:05,403 [Worker-9: Updating Maven Project] INFO  o.e.m.c.i.p.ProjectConfigurationManager - Update completed for 5 poms: local refresh takes 0.00 sec, refresh facades takes 2.00 sec, update config takes 1.00 sec 
2023-07-13 11:02:06,104 [Worker-20: Building] INFO  o.a.m.s.f.DefaultMavenResourcesFiltering - Copying 2 resources
2023-07-13 11:02:06,122 [Worker-20: Building] INFO  o.a.m.s.f.DefaultMavenResourcesFiltering - Copying 0 resource
2023-07-13 11:02:06,128 [Worker-20: Building] INFO  o.a.m.s.f.DefaultMavenResourcesFiltering - skip non existing resourceDirectory C:\Users\CSO\Desktop\sts-workspace\microservice-jwt by javatechie\jwt-security-microservice\jwt-apigateway-security\identity-service\src\test\resources
2023-07-13 11:02:06,653 [Worker-20: Building] INFO  o.a.m.s.f.DefaultMavenResourcesFiltering - Copying 2 resources
2023-07-13 11:02:06,658 [Worker-20: Building] INFO  o.a.m.s.f.DefaultMavenResourcesFiltering - Copying 0 resource
2023-07-13 11:02:06,663 [Worker-20: Building] INFO  o.a.m.s.f.DefaultMavenResourcesFiltering - skip non existing resourceDirectory C:\Users\CSO\Desktop\sts-workspace\microservice-jwt by javatechie\jwt-security-microservice\jwt-apigateway-security\restaurant-service\src\test\resources
2023-07-13 11:02:06,944 [Worker-20: Building] INFO  o.a.m.s.f.DefaultMavenResourcesFiltering - Copying 2 resources
2023-07-13 11:02:06,948 [Worker-20: Building] INFO  o.a.m.s.f.DefaultMavenResourcesFiltering - Copying 0 resource
2023-07-13 11:02:06,951 [Worker-20: Building] INFO  o.a.m.s.f.DefaultMavenResourcesFiltering - skip non existing resourceDirectory C:\Users\CSO\Desktop\sts-workspace\microservice-jwt by javatechie\jwt-security-microservice\jwt-apigateway-security\swiggy-app\src\test\resources
2023-07-13 11:02:07,369 [Worker-20: Building] INFO  o.a.m.s.f.DefaultMavenResourcesFiltering - Copying 2 resources
2023-07-13 11:02:07,373 [Worker-20: Building] INFO  o.a.m.s.f.DefaultMavenResourcesFiltering - Copying 0 resource
2023-07-13 11:02:07,378 [Worker-20: Building] INFO  o.a.m.s.f.DefaultMavenResourcesFiltering - skip non existing resourceDirectory C:\Users\CSO\Desktop\sts-workspace\microservice-jwt by javatechie\jwt-security-microservice\jwt-apigateway-security\swiggy-gateway\src\test\resources
2023-07-13 11:02:09,373 [Worker-20: Building] INFO  o.a.m.s.f.DefaultMavenResourcesFiltering - Copying 2 resources
2023-07-13 11:02:09,379 [Worker-20: Building] INFO  o.a.m.s.f.DefaultMavenResourcesFiltering - Copying 0 resource
2023-07-13 11:02:09,383 [Worker-20: Building] INFO  o.a.m.s.f.DefaultMavenResourcesFiltering - skip non existing resourceDirectory C:\Users\CSO\Desktop\sts-workspace\microservice-jwt by javatechie\jwt-security-microservice\jwt-apigateway-security\swiggy-service-registry\src\test\resources
2023-07-13 11:07:58,735 [Worker-21: Updating Maven Project] INFO  o.e.m.c.i.p.ProjectConfigurationManager - Update started
2023-07-13 11:07:59,473 [Worker-21: Updating Maven Project] INFO  o.e.m.c.i.l.LifecycleMappingFactory - Using org.eclipse.m2e.jdt.JarLifecycleMapping lifecycle mapping for MavenProject: com.javatechie:identity-service:0.0.1-SNAPSHOT @ C:\Users\CSO\Desktop\sts-workspace\microservice-jwt by javatechie\jwt-security-microservice\jwt-apigateway-security\identity-service\pom.xml.
2023-07-13 11:07:59,805 [Worker-21: Updating Maven Project] INFO  o.e.m.c.i.l.LifecycleMappingFactory - Using org.eclipse.m2e.jdt.JarLifecycleMapping lifecycle mapping for MavenProject: com.javatechie:restaurant-service:0.0.1-SNAPSHOT @ C:\Users\CSO\Desktop\sts-workspace\microservice-jwt by javatechie\jwt-security-microservice\jwt-apigateway-security\restaurant-service\pom.xml.
2023-07-13 11:07:59,887 [Worker-21: Updating Maven Project] INFO  o.e.m.c.i.l.LifecycleMappingFactory - Using org.eclipse.m2e.jdt.JarLifecycleMapping lifecycle mapping for MavenProject: com.javatechie:swiggy-app:0.0.1-SNAPSHOT @ C:\Users\CSO\Desktop\sts-workspace\microservice-jwt by javatechie\jwt-security-microservice\jwt-apigateway-security\swiggy-app\pom.xml.
2023-07-13 11:07:59,970 [Worker-21: Updating Maven Project] INFO  o.e.m.c.i.l.LifecycleMappingFactory - Using org.eclipse.m2e.jdt.JarLifecycleMapping lifecycle mapping for MavenProject: com.javatechie:swiggy-gateway:0.0.1-SNAPSHOT @ C:\Users\CSO\Desktop\sts-workspace\microservice-jwt by javatechie\jwt-security-microservice\jwt-apigateway-security\swiggy-gateway\pom.xml.
2023-07-13 11:08:00,141 [Worker-21: Updating Maven Project] INFO  o.e.m.c.i.l.LifecycleMappingFactory - Using org.eclipse.m2e.jdt.JarLifecycleMapping lifecycle mapping for MavenProject: com.javatechie:swiggy-service-registry:0.0.1-SNAPSHOT @ C:\Users\CSO\Desktop\sts-workspace\microservice-jwt by javatechie\jwt-security-microservice\jwt-apigateway-security\swiggy-service-registry\pom.xml.
2023-07-13 11:08:01,428 [Worker-21: Updating Maven Project] INFO  o.e.m.j.i.AbstractJavaProjectConfigurator - Adding source folder /identity-service/src/main/java
2023-07-13 11:08:01,428 [Worker-21: Updating Maven Project] INFO  o.e.m.j.i.AbstractJavaProjectConfigurator - Adding resource folder /identity-service/src/main/resources
2023-07-13 11:08:01,428 [Worker-21: Updating Maven Project] INFO  o.e.m.j.i.AbstractJavaProjectConfigurator - Adding resource folder /identity-service/src/main/resources
2023-07-13 11:08:01,429 [Worker-21: Updating Maven Project] INFO  o.e.m.j.i.AbstractJavaProjectConfigurator - Adding source folder /identity-service/src/test/java
2023-07-13 11:08:02,002 [Worker-21: Updating Maven Project] INFO  o.e.m.j.i.AbstractJavaProjectConfigurator - Adding source folder /restaurant-service/src/main/java
2023-07-13 11:08:02,003 [Worker-21: Updating Maven Project] INFO  o.e.m.j.i.AbstractJavaProjectConfigurator - Adding resource folder /restaurant-service/src/main/resources
2023-07-13 11:08:02,003 [Worker-21: Updating Maven Project] INFO  o.e.m.j.i.AbstractJavaProjectConfigurator - Adding resource folder /restaurant-service/src/main/resources
2023-07-13 11:08:02,004 [Worker-21: Updating Maven Project] INFO  o.e.m.j.i.AbstractJavaProjectConfigurator - Adding source folder /restaurant-service/src/test/java
2023-07-13 11:08:02,396 [Worker-21: Updating Maven Project] INFO  o.e.m.j.i.AbstractJavaProjectConfigurator - Adding source folder /swiggy-app/src/main/java
2023-07-13 11:08:02,396 [Worker-21: Updating Maven Project] INFO  o.e.m.j.i.AbstractJavaProjectConfigurator - Adding resource folder /swiggy-app/src/main/resources
2023-07-13 11:08:02,397 [Worker-21: Updating Maven Project] INFO  o.e.m.j.i.AbstractJavaProjectConfigurator - Adding resource folder /swiggy-app/src/main/resources
2023-07-13 11:08:02,397 [Worker-21: Updating Maven Project] INFO  o.e.m.j.i.AbstractJavaProjectConfigurator - Adding source folder /swiggy-app/src/test/java
2023-07-13 11:08:02,707 [Worker-21: Updating Maven Project] INFO  o.e.m.j.i.AbstractJavaProjectConfigurator - Adding source folder /swiggy-gateway/src/main/java
2023-07-13 11:08:02,707 [Worker-21: Updating Maven Project] INFO  o.e.m.j.i.AbstractJavaProjectConfigurator - Adding resource folder /swiggy-gateway/src/main/resources
2023-07-13 11:08:02,707 [Worker-21: Updating Maven Project] INFO  o.e.m.j.i.AbstractJavaProjectConfigurator - Adding resource folder /swiggy-gateway/src/main/resources
2023-07-13 11:08:02,708 [Worker-21: Updating Maven Project] INFO  o.e.m.j.i.AbstractJavaProjectConfigurator - Adding source folder /swiggy-gateway/src/test/java
2023-07-13 11:08:03,061 [Worker-21: Updating Maven Project] INFO  o.e.m.j.i.AbstractJavaProjectConfigurator - Adding source folder /swiggy-service-registry/src/main/java
2023-07-13 11:08:03,061 [Worker-21: Updating Maven Project] INFO  o.e.m.j.i.AbstractJavaProjectConfigurator - Adding resource folder /swiggy-service-registry/src/main/resources
2023-07-13 11:08:03,062 [Worker-21: Updating Maven Project] INFO  o.e.m.j.i.AbstractJavaProjectConfigurator - Adding resource folder /swiggy-service-registry/src/main/resources
2023-07-13 11:08:03,062 [Worker-21: Updating Maven Project] INFO  o.e.m.j.i.AbstractJavaProjectConfigurator - Adding source folder /swiggy-service-registry/src/test/java
2023-07-13 11:08:03,917 [Worker-21: Updating Maven Project] INFO  o.e.m.c.i.p.ProjectConfigurationManager - Update completed for 5 poms: local refresh takes 0.00 sec, refresh facades takes 2.00 sec, update config takes 1.00 sec 
2023-07-13 11:08:04,399 [Worker-26: Building] INFO  o.a.m.s.f.DefaultMavenResourcesFiltering - Copying 2 resources
2023-07-13 11:08:04,423 [Worker-26: Building] INFO  o.a.m.s.f.DefaultMavenResourcesFiltering - Copying 0 resource
2023-07-13 11:08:04,428 [Worker-26: Building] INFO  o.a.m.s.f.DefaultMavenResourcesFiltering - skip non existing resourceDirectory C:\Users\CSO\Desktop\sts-workspace\microservice-jwt by javatechie\jwt-security-microservice\jwt-apigateway-security\identity-service\src\test\resources
2023-07-13 11:08:04,823 [Worker-26: Building] INFO  o.a.m.s.f.DefaultMavenResourcesFiltering - Copying 2 resources
2023-07-13 11:08:04,826 [Worker-26: Building] INFO  o.a.m.s.f.DefaultMavenResourcesFiltering - Copying 0 resource
2023-07-13 11:08:04,829 [Worker-26: Building] INFO  o.a.m.s.f.DefaultMavenResourcesFiltering - skip non existing resourceDirectory C:\Users\CSO\Desktop\sts-workspace\microservice-jwt by javatechie\jwt-security-microservice\jwt-apigateway-security\restaurant-service\src\test\resources
2023-07-13 11:08:05,031 [Worker-26: Building] INFO  o.a.m.s.f.DefaultMavenResourcesFiltering - Copying 2 resources
2023-07-13 11:08:05,034 [Worker-26: Building] INFO  o.a.m.s.f.DefaultMavenResourcesFiltering - Copying 0 resource
2023-07-13 11:08:05,037 [Worker-26: Building] INFO  o.a.m.s.f.DefaultMavenResourcesFiltering - skip non existing resourceDirectory C:\Users\CSO\Desktop\sts-workspace\microservice-jwt by javatechie\jwt-security-microservice\jwt-apigateway-security\swiggy-app\src\test\resources
2023-07-13 11:08:05,310 [Worker-26: Building] INFO  o.a.m.s.f.DefaultMavenResourcesFiltering - Copying 2 resources
2023-07-13 11:08:05,313 [Worker-26: Building] INFO  o.a.m.s.f.DefaultMavenResourcesFiltering - Copying 0 resource
2023-07-13 11:08:05,316 [Worker-26: Building] INFO  o.a.m.s.f.DefaultMavenResourcesFiltering - skip non existing resourceDirectory C:\Users\CSO\Desktop\sts-workspace\microservice-jwt by javatechie\jwt-security-microservice\jwt-apigateway-security\swiggy-gateway\src\test\resources
2023-07-13 11:08:05,416 [Worker-26: Building] INFO  o.a.m.s.f.DefaultMavenResourcesFiltering - Copying 2 resources
2023-07-13 11:08:05,419 [Worker-26: Building] INFO  o.a.m.s.f.DefaultMavenResourcesFiltering - Copying 0 resource
2023-07-13 11:08:05,422 [Worker-26: Building] INFO  o.a.m.s.f.DefaultMavenResourcesFiltering - skip non existing resourceDirectory C:\Users\CSO\Desktop\sts-workspace\microservice-jwt by javatechie\jwt-security-microservice\jwt-apigateway-security\swiggy-service-registry\src\test\resources
2023-07-13 11:34:47,084 [Worker-7: Loading available Gradle versions] INFO  o.e.b.c.i.u.g.PublishedGradleVersions - Gradle version information cache is up-to-date. Trying to read.
2023-07-13 11:36:31,447 [Worker-2: Updating Maven Project] INFO  o.e.m.c.i.p.ProjectConfigurationManager - Update started
2023-07-13 11:36:36,050 [Worker-2: Updating Maven Project] INFO  o.e.m.c.i.l.LifecycleMappingFactory - Using org.eclipse.m2e.jdt.JarLifecycleMapping lifecycle mapping for MavenProject: com.javatechie:identity-service:0.0.1-SNAPSHOT @ C:\Users\CSO\Desktop\sts-workspace\microservice-jwt by javatechie\jwt-security-microservice\jwt-apigateway-security\identity-service\pom.xml.
2023-07-13 11:36:36,862 [Worker-2: Updating Maven Project] INFO  o.e.m.c.i.l.LifecycleMappingFactory - Using org.eclipse.m2e.jdt.JarLifecycleMapping lifecycle mapping for MavenProject: com.javatechie:restaurant-service:0.0.1-SNAPSHOT @ C:\Users\CSO\Desktop\sts-workspace\microservice-jwt by javatechie\jwt-security-microservice\jwt-apigateway-security\restaurant-service\pom.xml.
2023-07-13 11:36:36,964 [Worker-2: Updating Maven Project] INFO  o.e.m.c.i.l.LifecycleMappingFactory - Using org.eclipse.m2e.jdt.JarLifecycleMapping lifecycle mapping for MavenProject: com.javatechie:swiggy-app:0.0.1-SNAPSHOT @ C:\Users\CSO\Desktop\sts-workspace\microservice-jwt by javatechie\jwt-security-microservice\jwt-apigateway-security\swiggy-app\pom.xml.
2023-07-13 11:36:37,046 [Worker-2: Updating Maven Project] INFO  o.e.m.c.i.l.LifecycleMappingFactory - Using org.eclipse.m2e.jdt.JarLifecycleMapping lifecycle mapping for MavenProject: com.javatechie:swiggy-gateway:0.0.1-SNAPSHOT @ C:\Users\CSO\Desktop\sts-workspace\microservice-jwt by javatechie\jwt-security-microservice\jwt-apigateway-security\swiggy-gateway\pom.xml.
2023-07-13 11:36:37,183 [Worker-2: Updating Maven Project] INFO  o.e.m.c.i.l.LifecycleMappingFactory - Using org.eclipse.m2e.jdt.JarLifecycleMapping lifecycle mapping for MavenProject: com.javatechie:swiggy-service-registry:0.0.1-SNAPSHOT @ C:\Users\CSO\Desktop\sts-workspace\microservice-jwt by javatechie\jwt-security-microservice\jwt-apigateway-security\swiggy-service-registry\pom.xml.
2023-07-13 11:36:43,027 [Worker-2: Updating Maven Project] INFO  o.e.m.j.i.AbstractJavaProjectConfigurator - Adding source folder /identity-service/src/main/java
2023-07-13 11:36:43,028 [Worker-2: Updating Maven Project] INFO  o.e.m.j.i.AbstractJavaProjectConfigurator - Adding resource folder /identity-service/src/main/resources
2023-07-13 11:36:43,028 [Worker-2: Updating Maven Project] INFO  o.e.m.j.i.AbstractJavaProjectConfigurator - Adding resource folder /identity-service/src/main/resources
2023-07-13 11:36:43,029 [Worker-2: Updating Maven Project] INFO  o.e.m.j.i.AbstractJavaProjectConfigurator - Adding source folder /identity-service/src/test/java
2023-07-13 11:36:43,720 [Worker-2: Updating Maven Project] INFO  o.e.m.j.i.AbstractJavaProjectConfigurator - Adding source folder /restaurant-service/src/main/java
2023-07-13 11:36:43,721 [Worker-2: Updating Maven Project] INFO  o.e.m.j.i.AbstractJavaProjectConfigurator - Adding resource folder /restaurant-service/src/main/resources
2023-07-13 11:36:43,721 [Worker-2: Updating Maven Project] INFO  o.e.m.j.i.AbstractJavaProjectConfigurator - Adding resource folder /restaurant-service/src/main/resources
2023-07-13 11:36:43,722 [Worker-2: Updating Maven Project] INFO  o.e.m.j.i.AbstractJavaProjectConfigurator - Adding source folder /restaurant-service/src/test/java
2023-07-13 11:36:44,150 [Worker-2: Updating Maven Project] INFO  o.e.m.j.i.AbstractJavaProjectConfigurator - Adding source folder /swiggy-app/src/main/java
2023-07-13 11:36:44,150 [Worker-2: Updating Maven Project] INFO  o.e.m.j.i.AbstractJavaProjectConfigurator - Adding resource folder /swiggy-app/src/main/resources
2023-07-13 11:36:44,150 [Worker-2: Updating Maven Project] INFO  o.e.m.j.i.AbstractJavaProjectConfigurator - Adding resource folder /swiggy-app/src/main/resources
2023-07-13 11:36:44,151 [Worker-2: Updating Maven Project] INFO  o.e.m.j.i.AbstractJavaProjectConfigurator - Adding source folder /swiggy-app/src/test/java
2023-07-13 11:36:44,683 [Worker-2: Updating Maven Project] INFO  o.e.m.j.i.AbstractJavaProjectConfigurator - Adding source folder /swiggy-gateway/src/main/java
2023-07-13 11:36:44,683 [Worker-2: Updating Maven Project] INFO  o.e.m.j.i.AbstractJavaProjectConfigurator - Adding resource folder /swiggy-gateway/src/main/resources
2023-07-13 11:36:44,683 [Worker-2: Updating Maven Project] INFO  o.e.m.j.i.AbstractJavaProjectConfigurator - Adding resource folder /swiggy-gateway/src/main/resources
2023-07-13 11:36:44,684 [Worker-2: Updating Maven Project] INFO  o.e.m.j.i.AbstractJavaProjectConfigurator - Adding source folder /swiggy-gateway/src/test/java
2023-07-13 11:36:45,200 [Worker-2: Updating Maven Project] INFO  o.e.m.j.i.AbstractJavaProjectConfigurator - Adding source folder /swiggy-service-registry/src/main/java
2023-07-13 11:36:45,200 [Worker-2: Updating Maven Project] INFO  o.e.m.j.i.AbstractJavaProjectConfigurator - Adding resource folder /swiggy-service-registry/src/main/resources
2023-07-13 11:36:45,201 [Worker-2: Updating Maven Project] INFO  o.e.m.j.i.AbstractJavaProjectConfigurator - Adding resource folder /swiggy-service-registry/src/main/resources
2023-07-13 11:36:45,201 [Worker-2: Updating Maven Project] INFO  o.e.m.j.i.AbstractJavaProjectConfigurator - Adding source folder /swiggy-service-registry/src/test/java
2023-07-13 11:36:46,665 [Worker-2: Updating Maven Project] INFO  o.e.m.c.i.p.ProjectConfigurationManager - Update completed for 5 poms: local refresh takes 0.00 sec, refresh facades takes 10.00 sec, update config takes 3.00 sec 
2023-07-13 11:36:48,590 [Worker-0: Building] INFO  o.a.m.s.f.DefaultMavenResourcesFiltering - Copying 2 resources
2023-07-13 11:36:48,655 [Worker-0: Building] INFO  o.a.m.s.f.DefaultMavenResourcesFiltering - Copying 0 resource
2023-07-13 11:36:48,661 [Worker-0: Building] INFO  o.a.m.s.f.DefaultMavenResourcesFiltering - skip non existing resourceDirectory C:\Users\CSO\Desktop\sts-workspace\microservice-jwt by javatechie\jwt-security-microservice\jwt-apigateway-security\identity-service\src\test\resources
2023-07-13 11:36:50,026 [Worker-0: Building] INFO  o.a.m.s.f.DefaultMavenResourcesFiltering - Copying 2 resources
2023-07-13 11:36:50,030 [Worker-0: Building] INFO  o.a.m.s.f.DefaultMavenResourcesFiltering - Copying 0 resource
2023-07-13 11:36:50,034 [Worker-0: Building] INFO  o.a.m.s.f.DefaultMavenResourcesFiltering - skip non existing resourceDirectory C:\Users\CSO\Desktop\sts-workspace\microservice-jwt by javatechie\jwt-security-microservice\jwt-apigateway-security\restaurant-service\src\test\resources
2023-07-13 11:36:50,462 [Worker-0: Building] INFO  o.a.m.s.f.DefaultMavenResourcesFiltering - Copying 2 resources
2023-07-13 11:36:50,465 [Worker-0: Building] INFO  o.a.m.s.f.DefaultMavenResourcesFiltering - Copying 0 resource
2023-07-13 11:36:50,469 [Worker-0: Building] INFO  o.a.m.s.f.DefaultMavenResourcesFiltering - skip non existing resourceDirectory C:\Users\CSO\Desktop\sts-workspace\microservice-jwt by javatechie\jwt-security-microservice\jwt-apigateway-security\swiggy-app\src\test\resources
2023-07-13 11:36:50,836 [Worker-0: Building] INFO  o.a.m.s.f.DefaultMavenResourcesFiltering - Copying 2 resources
2023-07-13 11:36:50,864 [Worker-0: Building] INFO  o.a.m.s.f.DefaultMavenResourcesFiltering - Copying 0 resource
2023-07-13 11:36:50,868 [Worker-0: Building] INFO  o.a.m.s.f.DefaultMavenResourcesFiltering - skip non existing resourceDirectory C:\Users\CSO\Desktop\sts-workspace\microservice-jwt by javatechie\jwt-security-microservice\jwt-apigateway-security\swiggy-gateway\src\test\resources
2023-07-13 11:36:51,083 [Worker-0: Building] INFO  o.a.m.s.f.DefaultMavenResourcesFiltering - Copying 2 resources
2023-07-13 11:36:51,087 [Worker-0: Building] INFO  o.a.m.s.f.DefaultMavenResourcesFiltering - Copying 0 resource
2023-07-13 11:36:51,090 [Worker-0: Building] INFO  o.a.m.s.f.DefaultMavenResourcesFiltering - skip non existing resourceDirectory C:\Users\CSO\Desktop\sts-workspace\microservice-jwt by javatechie\jwt-security-microservice\jwt-apigateway-security\swiggy-service-registry\src\test\resources
2023-07-13 13:49:10,629 [Worker-53: Retrieving catalog resource] INFO  o.a.h.c.h.i.c.HttpRequestRetryExec - Recoverable I/O exception (org.apache.hc.core5.http.NoHttpResponseException) caught when processing request to {s}->https://marketplace.eclipse.org:443
2023-07-13 13:49:10,660 [Worker-50: Retrieving catalog resource] INFO  o.a.h.c.h.i.c.HttpRequestRetryExec - Recoverable I/O exception (org.apache.hc.core5.http.NoHttpResponseException) caught when processing request to {s}->https://marketplace.eclipse.org:443
2023-07-13 13:49:10,707 [Worker-27: Retrieving catalog resource] INFO  o.a.h.c.h.i.c.HttpRequestRetryExec - Recoverable I/O exception (org.apache.hc.core5.http.NoHttpResponseException) caught when processing request to {s}->https://marketplace.eclipse.org:443
